"File: USER_PROGRAM.C  Assembler  Version HGASM0202      Page 1


   1  0000              ; Generated by holtek-gcc v3.18, Tue Dec 04 18:48:20 2018
   2  0000              ; 
   3  0000              ; Configuration:
   4  0000              ;       without long instruction
   5  0000              ;       Single ROM, Multi-RAM
   6  0000              ;       bits_per_rom_unit:16
   7  0000              ;       with mp1
   8  0000              ;       with tbhp, address(0x9)
   9  0000              ;          Use tabrd-const
  10  0000              ;       
  11  0000              ;       
  12  0000              ;       
  13  0000              ; use 'tabrdc' instead of 'tabrd'
  14  0000              ;       
  15  0000              
  16  0000              #pragma translator "holtek-gcc 4.6.4" "3.18" "build 20130711"
  17  0000              ; Rebuild 828
  18  0000              
  19  0000              ir equ [2]
  20  0000              mp equ [3]
  21  0000              sbp equ [1]
  22  0000              acc equ [5]
  23  0000              bp equ [4]
  24  0000              tblp equ [7]
  25  0000              tbhp equ [9]
  26  0000              status equ [10]
  27  0000              c equ [10].0
  28  0000              ac equ [10].1
  29  0000              z equ [10].2
  30  0000              ov equ [10].3
  31  0000              intc equ [11]
  32  0000              
  33  0000              extern ra:byte
  34  0000              extern rb:byte
  35  0000              extern rc:byte
  36  0000              extern rd:byte
  37  0000              extern re:byte
  38  0000              extern rf:byte
  39  0000              extern rg:byte
  40  0000              extern rh:byte
  41  0000              extern _Crom2Prom:near
  42  0000              extern _Crom2PromNext:near
  43  0000              
  44  0000              RAMBANK 0 @HCCINIT, @HCCINIT0
  45  0000              
  46  0000              RAMBANK 0 @BITDATASEC, @BITDATASEC1
  47  0000              @HCCINIT	.section 'data'
  48  0000              @HCCINIT0	.section 'data'
  49  0000              @BITDATASEC	 .section 'data'
  50  0000              @BITDATASEC1	 .section 'data'
  51  0000              
  52  0000              #pragma debug scope 1 1
  53  0000              	extern __DELAY3:near
  54  0000              	extern __DELAYX3:near
  55  0000              	extern __DELAYX6:near
  56  0000              	extern __DELAYY5:near
  57  0000              	extern __DELAYY3:near
  58  0000              	extern _builtin_holtek_delay_2:byte
  59  0000              public _Interrupt_Extemal
"File: USER_PROGRAM.ASM  Assembler  Version HGASM0202      Page 2

  60  0000              #pragma debug scope 2 1

  13  0000              #line 13 "C:\Users\tony\Desktop\水位偵測\單點檢水\20180925_BS83B08A_TOUCH_WATER_V300_Source\USER_PROGRAM\USER_PROGRAM.C"
  13  0000              @Interrupt_Extemal_code .section at 4 'code'
  13  0000              _Interrupt_Extemal:
  13  0000  0004        	reti
  13  0001              #line 13 "C:\Users\tony\Desktop\水位偵測\單點檢水\20180925_BS83B08A_TOUCH_WATER_V300_Source\USER_PROGRAM\USER_PROGRAM.C"
  13  0001              #pragma debug scope 1 1
  13  0001              ___pac equ [21]
  13  0001              ___pa equ [20]
  13  0001              ___pbc equ [62]
  13  0001              ___pb equ [61]
  13  0001              public _USER_PROGRAM_INITIAL
  13  0001              #pragma debug scope 3 1
  22  0001              #line 22 "C:\Users\tony\Desktop\水位偵測\單點檢水\20180925_BS83B08A_TOUCH_WATER_V300_Source\USER_PROGRAM\USER_PROGRAM.C"
  22  0000              _USER_PROGRAM_INITIAL .section 'code'
  22  0000              _USER_PROGRAM_INITIAL proc
  23  0000              #line 23 "C:\Users\tony\Desktop\水位偵測\單點檢水\20180925_BS83B08A_TOUCH_WATER_V300_Source\USER_PROGRAM\USER_PROGRAM.C"
  23  0000  1F15        	clr [21]
  24  0001              #line 24 "C:\Users\tony\Desktop\水位偵測\單點檢水\20180925_BS83B08A_TOUCH_WATER_V300_Source\USER_PROGRAM\USER_PROGRAM.C"
  24  0001  1F14        	clr [20]
  25  0002              #line 25 "C:\Users\tony\Desktop\水位偵測\單點檢水\20180925_BS83B08A_TOUCH_WATER_V300_Source\USER_PROGRAM\USER_PROGRAM.C"
  25  0002  1F3E        	clr [62]
  26  0003              #line 26 "C:\Users\tony\Desktop\水位偵測\單點檢水\20180925_BS83B08A_TOUCH_WATER_V300_Source\USER_PROGRAM\USER_PROGRAM.C"
  26  0003  1F3D        	clr [61]
  26  0004  0003        	ret
  26  0005              _USER_PROGRAM_INITIAL endp
  26  0005              #line 26 "C:\Users\tony\Desktop\水位偵測\單點檢水\20180925_BS83B08A_TOUCH_WATER_V300_Source\USER_PROGRAM\USER_PROGRAM.C"
  26  0005              #pragma debug scope 1 1
  26  0005              public _USER_PROGRAM
  26  0005              #pragma debug scope 4 1
  35  0005              #line 35 "C:\Users\tony\Desktop\水位偵測\單點檢水\20180925_BS83B08A_TOUCH_WATER_V300_Source\USER_PROGRAM\USER_PROGRAM.C"
  35  0000              _USER_PROGRAM .section 'code'
  35  0000              _USER_PROGRAM proc
  36  0000              #line 36 "C:\Users\tony\Desktop\水位偵測\單點檢水\20180925_BS83B08A_TOUCH_WATER_V300_Source\USER_PROGRAM\USER_PROGRAM.C"
  36  0000  3800     E  	snz _TKS_FLAGA[0].2
  36  0001  2800     R  	jmp _L3
  38  0002              #line 38 "C:\Users\tony\Desktop\水位偵測\單點檢水\20180925_BS83B08A_TOUCH_WATER_V300_Source\USER_PROGRAM\USER_PROGRAM.C"
  38  0002  2000     E  	call _GET_KEY_BITMAP
  40  0003              #line 40 "C:\Users\tony\Desktop\水位偵測\單點檢水\20180925_BS83B08A_TOUCH_WATER_V300_Source\USER_PROGRAM\USER_PROGRAM.C"
  40  0003  3800     E  	snz _TKS_FLAGA[0].3
  40  0004  2800     R  	jmp _L6
  42  0005              #line 42 "C:\Users\tony\Desktop\水位偵測\單點檢水\20180925_BS83B08A_TOUCH_WATER_V300_Source\USER_PROGRAM\USER_PROGRAM.C"
  42  0005              ;# 42 "C:\Users\tony\Desktop\水位偵測\單點檢水\20180925_BS83B08A_TOUCH_WATER_V300_Source\USER_PROGRAM\USER_PROGRAM.C" 1
  42  0005  0000        	nop
  42  0006              _L6:
  45  0006              #line 45 "C:\Users\tony\Desktop\水位偵測\單點檢水\20180925_BS83B08A_TOUCH_WATER_V300_Source\USER_PROGRAM\USER_PROGRAM.C"
  45  0006  3800     E  	snz _WATER_FLAG[0].0
  45  0007  2800     R  	jmp _L3
  47  0008              #line 47 "C:\Users\tony\Desktop\水位偵測\單點檢水\20180925_BS83B08A_TOUCH_WATER_V300_Source\USER_PROGRAM\USER_PROGRAM.C"
  47  0008  2000     E  	call _GET_KEY_BITMAP
  47  0009              _L3:
  47  0009  0003        	ret
  47  000A              _USER_PROGRAM endp
  47  000A              #line 47 "C:\Users\tony\Desktop\水位偵測\單點檢水\20180925_BS83B08A_TOUCH_WATER_V300_Source\USER_PROGRAM\USER_PROGRAM.C"
  47  000A              #pragma debug scope 1 1
  47  000A              #pragma debug struct_end
  47  000A              #pragma debug struct_end
  47  000A              #pragma debug union_end
  47  000A              #pragma debug union_end
"File: USER_PROGRAM.C  Assembler  Version HGASM0202      Page 3

  47  000A              #pragma debug variable 43 1 ___pa "__pa" 1
  47  000A              #pragma debug struct_end
  47  000A              #pragma debug struct_end
  47  000A              #pragma debug union_end
  47  000A              #pragma debug union_end
  47  000A              #pragma debug variable 45 1 ___pac "__pac" 1
  47  000A              #pragma debug struct_end
  47  000A              #pragma debug struct_end
  47  000A              #pragma debug union_end
  47  000A              #pragma debug union_end
  47  000A              #pragma debug variable 47 1 ___pb "__pb" 1
  47  000A              #pragma debug struct_end
  47  000A              #pragma debug struct_end
  47  000A              #pragma debug union_end
  47  000A              #pragma debug union_end
  47  000A              #pragma debug variable 49 1 ___pbc "__pbc" 1
  47  000A              
  47  000A              ; output external variables
  47  000A              extern _WATER_FLAG:byte
  47  000A              extern _TKS_FLAGA:byte
  47  000A              extern _GET_KEY_BITMAP:near
  47  000A              
  47  000A              ; 
  47  000A              ; Generated by holtek-gcc v3.18, Tue Dec 04 18:48:20 2018
  47  000A              ; Rebuild 828
  47  000A              ; end of file


        0 Errors, 0